app/build/intermediates/manifest_merge_blame_file/stageDebug/processStageDebugMainManifest/manifest-merger-blame-stage-debug-report.txt
1<?xml version="1.0" encoding="utf-8"?>
2<manifest xmlns:android="http://schemas.android.com/apk/res/android"
3    package="com.asuni.zenithra.stage"
4    android:versionCode="1"
5    android:versionName="1.0" >
6
7    <uses-sdk
8        android:minSdkVersion="25"
9        android:targetSdkVersion="34" />
10
11    <!-- Permissions -->
12    <uses-permission android:name="android.permission.INTERNET" />
12-->src/main/AndroidManifest.xml:6:5-67
12-->src/main/AndroidManifest.xml:6:22-64
13    <uses-permission android:name="android.permission.CAMERA" />
13-->src/main/AndroidManifest.xml:7:5-65
13-->src/main/AndroidManifest.xml:7:22-62
14
15    <uses-feature
15-->src/main/AndroidManifest.xml:8:5-84
16        android:name="android.hardware.camera"
16-->src/main/AndroidManifest.xml:8:19-57
17        android:required="true" />
17-->src/main/AndroidManifest.xml:8:58-81
18
19    <uses-permission android:name="android.permission.ACCESS_NETWORK_STATE" />
19-->[com.google.firebase:firebase-auth:23.1.0] AndroidManifest.xml:26:5-79
19-->[com.google.firebase:firebase-auth:23.1.0] AndroidManifest.xml:26:22-76
20    <uses-permission android:name="android.permission.POST_NOTIFICATIONS" />
20-->[com.google.firebase:firebase-messaging:24.1.0] AndroidManifest.xml:23:5-77
20-->[com.google.firebase:firebase-messaging:24.1.0] AndroidManifest.xml:23:22-74
21    <uses-permission android:name="android.permission.WAKE_LOCK" /> <!-- Required by older versions of Google Play services to create IID tokens -->
21-->[com.google.firebase:firebase-messaging:24.1.0] AndroidManifest.xml:24:5-68
21-->[com.google.firebase:firebase-messaging:24.1.0] AndroidManifest.xml:24:22-65
22    <uses-permission android:name="com.google.android.c2dm.permission.RECEIVE" />
22-->[com.google.firebase:firebase-messaging:24.1.0] AndroidManifest.xml:26:5-82
22-->[com.google.firebase:firebase-messaging:24.1.0] AndroidManifest.xml:26:22-79
23    <uses-permission android:name="com.google.android.gms.permission.AD_ID" />
23-->[com.google.android.gms:play-services-measurement-api:22.1.2] AndroidManifest.xml:25:5-79
23-->[com.google.android.gms:play-services-measurement-api:22.1.2] AndroidManifest.xml:25:22-76
24    <uses-permission android:name="android.permission.ACCESS_ADSERVICES_ATTRIBUTION" />
24-->[com.google.android.gms:play-services-measurement-api:22.1.2] AndroidManifest.xml:26:5-88
24-->[com.google.android.gms:play-services-measurement-api:22.1.2] AndroidManifest.xml:26:22-85
25    <uses-permission android:name="android.permission.ACCESS_ADSERVICES_AD_ID" />
25-->[com.google.android.gms:play-services-measurement-api:22.1.2] AndroidManifest.xml:27:5-82
25-->[com.google.android.gms:play-services-measurement-api:22.1.2] AndroidManifest.xml:27:22-79
26    <uses-permission android:name="com.google.android.finsky.permission.BIND_GET_INSTALL_REFERRER_SERVICE" />
26-->[com.google.android.gms:play-services-measurement:22.1.2] AndroidManifest.xml:26:5-110
26-->[com.google.android.gms:play-services-measurement:22.1.2] AndroidManifest.xml:26:22-107
27    <uses-permission android:name="com.google.android.providers.gsf.permission.READ_GSERVICES" />
27-->[com.google.android.recaptcha:recaptcha:18.5.1] AndroidManifest.xml:9:5-98
27-->[com.google.android.recaptcha:recaptcha:18.5.1] AndroidManifest.xml:9:22-95
28
29    <queries>
29-->[androidx.camera:camera-extensions:1.3.0] AndroidManifest.xml:22:5-26:15
30        <intent>
30-->[androidx.camera:camera-extensions:1.3.0] AndroidManifest.xml:23:9-25:18
31            <action android:name="androidx.camera.extensions.action.VENDOR_ACTION" />
31-->[androidx.camera:camera-extensions:1.3.0] AndroidManifest.xml:24:13-86
31-->[androidx.camera:camera-extensions:1.3.0] AndroidManifest.xml:24:21-83
32        </intent>
33    </queries>
34
35    <permission
35-->[androidx.core:core:1.13.1] AndroidManifest.xml:22:5-24:47
36        android:name="com.asuni.zenithra.stage.DYNAMIC_RECEIVER_NOT_EXPORTED_PERMISSION"
36-->[androidx.core:core:1.13.1] AndroidManifest.xml:23:9-81
37        android:protectionLevel="signature" />
37-->[androidx.core:core:1.13.1] AndroidManifest.xml:24:9-44
38
39    <uses-permission android:name="com.asuni.zenithra.stage.DYNAMIC_RECEIVER_NOT_EXPORTED_PERMISSION" /> <!-- To store the heap dumps and leak analysis results. -->
39-->[androidx.core:core:1.13.1] AndroidManifest.xml:26:5-97
39-->[androidx.core:core:1.13.1] AndroidManifest.xml:26:22-94
40    <uses-permission android:name="android.permission.READ_EXTERNAL_STORAGE" />
40-->[com.squareup.leakcanary:leakcanary-android-core:2.9.1] AndroidManifest.xml:25:5-80
40-->[com.squareup.leakcanary:leakcanary-android-core:2.9.1] AndroidManifest.xml:25:22-77
41    <uses-permission android:name="android.permission.WRITE_EXTERNAL_STORAGE" /> <!-- To allow starting foreground services on Android P+ - https://developer.android.com/preview/behavior-changes#fg-svc -->
41-->[com.squareup.leakcanary:leakcanary-android-core:2.9.1] AndroidManifest.xml:26:5-81
41-->[com.squareup.leakcanary:leakcanary-android-core:2.9.1] AndroidManifest.xml:26:22-78
42    <uses-permission android:name="android.permission.FOREGROUND_SERVICE" />
42-->[com.squareup.leakcanary:leakcanary-android-core:2.9.1] AndroidManifest.xml:28:5-77
42-->[com.squareup.leakcanary:leakcanary-android-core:2.9.1] AndroidManifest.xml:28:22-74
43
44    <uses-feature
44-->[com.journeyapps:zxing-android-embedded:4.3.0] AndroidManifest.xml:28:5-30:36
45        android:name="android.hardware.camera.front"
45-->[com.journeyapps:zxing-android-embedded:4.3.0] AndroidManifest.xml:29:9-53
46        android:required="false" /> <!-- TODO replace above two with next line after Android 4.2 -->
46-->[com.journeyapps:zxing-android-embedded:4.3.0] AndroidManifest.xml:30:9-33
47    <!-- <uses-feature android:name="android.hardware.camera.any"/> -->
48    <uses-feature
48-->[com.journeyapps:zxing-android-embedded:4.3.0] AndroidManifest.xml:33:5-35:36
49        android:name="android.hardware.camera.autofocus"
49-->[com.journeyapps:zxing-android-embedded:4.3.0] AndroidManifest.xml:34:9-57
50        android:required="false" />
50-->[com.journeyapps:zxing-android-embedded:4.3.0] AndroidManifest.xml:35:9-33
51    <uses-feature
51-->[com.journeyapps:zxing-android-embedded:4.3.0] AndroidManifest.xml:36:5-38:36
52        android:name="android.hardware.camera.flash"
52-->[com.journeyapps:zxing-android-embedded:4.3.0] AndroidManifest.xml:37:9-53
53        android:required="false" />
53-->[com.journeyapps:zxing-android-embedded:4.3.0] AndroidManifest.xml:38:9-33
54    <uses-feature
54-->[com.journeyapps:zxing-android-embedded:4.3.0] AndroidManifest.xml:39:5-41:36
55        android:name="android.hardware.screen.landscape"
55-->[com.journeyapps:zxing-android-embedded:4.3.0] AndroidManifest.xml:40:9-57
56        android:required="false" />
56-->[com.journeyapps:zxing-android-embedded:4.3.0] AndroidManifest.xml:41:9-33
57    <uses-feature
57-->[com.journeyapps:zxing-android-embedded:4.3.0] AndroidManifest.xml:42:5-44:36
58        android:name="android.hardware.wifi"
58-->[com.journeyapps:zxing-android-embedded:4.3.0] AndroidManifest.xml:43:9-45
59        android:required="false" />
59-->[com.journeyapps:zxing-android-embedded:4.3.0] AndroidManifest.xml:44:9-33
60
61    <application
61-->src/main/AndroidManifest.xml:10:5-33:19
62        android:name="com.asuni.zenithra.ComposeApplication"
62-->src/main/AndroidManifest.xml:12:9-43
63        android:allowBackup="true"
63-->src/main/AndroidManifest.xml:11:9-35
64        android:appComponentFactory="androidx.core.app.CoreComponentFactory"
64-->[androidx.core:core:1.13.1] AndroidManifest.xml:28:18-86
65        android:debuggable="true"
66        android:extractNativeLibs="false"
67        android:icon="@mipmap/ic_launcher"
67-->src/main/AndroidManifest.xml:14:9-43
68        android:label="@string/app_name"
68-->src/main/AndroidManifest.xml:16:9-41
69        android:networkSecurityConfig="@xml/network_security_config"
69-->src/main/AndroidManifest.xml:13:9-69
70        android:roundIcon="@mipmap/ic_launcher_round"
70-->src/main/AndroidManifest.xml:15:9-54
71        android:supportsRtl="true"
71-->src/main/AndroidManifest.xml:17:9-35
72        android:testOnly="true"
73        android:theme="@style/Theme.Zenithra"
73-->src/main/AndroidManifest.xml:18:9-46
74        android:usesCleartextTraffic="true" >
74-->src/main/AndroidManifest.xml:19:9-44
75
76        <!-- Splash Activity -->
77        <activity
77-->src/main/AndroidManifest.xml:22:9-32:20
78            android:name="com.asuni.zenithra.ui.main.MainActivity"
78-->src/main/AndroidManifest.xml:23:13-49
79            android:exported="true"
79-->src/main/AndroidManifest.xml:24:13-36
80            android:label="MainActivity"
80-->src/main/AndroidManifest.xml:25:13-41
81            android:launchMode="singleTask"
81-->src/main/AndroidManifest.xml:26:13-44
82            android:screenOrientation="portrait" >
82-->src/main/AndroidManifest.xml:27:13-49
83            <intent-filter>
83-->src/main/AndroidManifest.xml:28:13-31:29
84                <action android:name="android.intent.action.MAIN" />
84-->src/main/AndroidManifest.xml:29:17-69
84-->src/main/AndroidManifest.xml:29:25-66
85
86                <category android:name="android.intent.category.LAUNCHER" />
86-->src/main/AndroidManifest.xml:30:17-77
86-->src/main/AndroidManifest.xml:30:27-74
87            </intent-filter>
88        </activity>
89
90        <uses-library
90-->[androidx.wear.compose:compose-foundation:1.4.1] AndroidManifest.xml:23:9-25:40
91            android:name="wear-sdk"
91-->[androidx.wear.compose:compose-foundation:1.4.1] AndroidManifest.xml:24:13-36
92            android:required="false" />
92-->[androidx.wear.compose:compose-foundation:1.4.1] AndroidManifest.xml:25:13-37
93
94        <service
94-->[com.google.firebase:firebase-auth-ktx:23.1.0] AndroidManifest.xml:8:9-14:19
95            android:name="com.google.firebase.components.ComponentDiscoveryService"
95-->[com.google.firebase:firebase-auth-ktx:23.1.0] AndroidManifest.xml:9:13-84
96            android:directBootAware="true"
96-->[com.google.firebase:firebase-common:21.0.0] AndroidManifest.xml:32:13-43
97            android:exported="false" >
97-->[com.google.firebase:firebase-auth-ktx:23.1.0] AndroidManifest.xml:10:13-37
98            <meta-data
98-->[com.google.firebase:firebase-auth-ktx:23.1.0] AndroidManifest.xml:11:13-13:85
99                android:name="com.google.firebase.components:com.google.firebase.auth.ktx.FirebaseAuthLegacyRegistrar"
99-->[com.google.firebase:firebase-auth-ktx:23.1.0] AndroidManifest.xml:12:17-119
100                android:value="com.google.firebase.components.ComponentRegistrar" />
100-->[com.google.firebase:firebase-auth-ktx:23.1.0] AndroidManifest.xml:13:17-82
101            <meta-data
101-->[com.google.firebase:firebase-auth:23.1.0] AndroidManifest.xml:69:13-71:85
102                android:name="com.google.firebase.components:com.google.firebase.auth.FirebaseAuthRegistrar"
102-->[com.google.firebase:firebase-auth:23.1.0] AndroidManifest.xml:70:17-109
103                android:value="com.google.firebase.components.ComponentRegistrar" />
103-->[com.google.firebase:firebase-auth:23.1.0] AndroidManifest.xml:71:17-82
104            <meta-data
104-->[com.google.firebase:firebase-messaging:24.1.0] AndroidManifest.xml:57:13-59:85
105                android:name="com.google.firebase.components:com.google.firebase.messaging.FirebaseMessagingKtxRegistrar"
105-->[com.google.firebase:firebase-messaging:24.1.0] AndroidManifest.xml:58:17-122
106                android:value="com.google.firebase.components.ComponentRegistrar" />
106-->[com.google.firebase:firebase-messaging:24.1.0] AndroidManifest.xml:59:17-82
107            <meta-data
107-->[com.google.firebase:firebase-messaging:24.1.0] AndroidManifest.xml:60:13-62:85
108                android:name="com.google.firebase.components:com.google.firebase.messaging.FirebaseMessagingRegistrar"
108-->[com.google.firebase:firebase-messaging:24.1.0] AndroidManifest.xml:61:17-119
109                android:value="com.google.firebase.components.ComponentRegistrar" />
109-->[com.google.firebase:firebase-messaging:24.1.0] AndroidManifest.xml:62:17-82
110            <meta-data
110-->[com.google.firebase:firebase-crashlytics-ktx:19.3.0] AndroidManifest.xml:24:13-26:85
111                android:name="com.google.firebase.components:com.google.firebase.crashlytics.ktx.FirebaseCrashlyticsKtxRegistrar"
111-->[com.google.firebase:firebase-crashlytics-ktx:19.3.0] AndroidManifest.xml:25:17-130
112                android:value="com.google.firebase.components.ComponentRegistrar" />
112-->[com.google.firebase:firebase-crashlytics-ktx:19.3.0] AndroidManifest.xml:26:17-82
113            <meta-data
113-->[com.google.firebase:firebase-analytics-ktx:22.1.2] AndroidManifest.xml:11:13-13:85
114                android:name="com.google.firebase.components:com.google.firebase.analytics.ktx.FirebaseAnalyticsLegacyRegistrar"
114-->[com.google.firebase:firebase-analytics-ktx:22.1.2] AndroidManifest.xml:12:17-129
115                android:value="com.google.firebase.components.ComponentRegistrar" />
115-->[com.google.firebase:firebase-analytics-ktx:22.1.2] AndroidManifest.xml:13:17-82
116            <meta-data
116-->[com.google.firebase:firebase-database-ktx:21.0.0] AndroidManifest.xml:12:13-14:85
117                android:name="com.google.firebase.components:com.google.firebase.database.ktx.FirebaseDatabaseLegacyRegistrar"
117-->[com.google.firebase:firebase-database-ktx:21.0.0] AndroidManifest.xml:13:17-127
118                android:value="com.google.firebase.components.ComponentRegistrar" />
118-->[com.google.firebase:firebase-database-ktx:21.0.0] AndroidManifest.xml:14:17-82
119            <meta-data
119-->[com.google.firebase:firebase-crashlytics:19.3.0] AndroidManifest.xml:15:13-17:85
120                android:name="com.google.firebase.components:com.google.firebase.crashlytics.FirebaseCrashlyticsKtxRegistrar"
120-->[com.google.firebase:firebase-crashlytics:19.3.0] AndroidManifest.xml:16:17-126
121                android:value="com.google.firebase.components.ComponentRegistrar" />
121-->[com.google.firebase:firebase-crashlytics:19.3.0] AndroidManifest.xml:17:17-82
122            <meta-data
122-->[com.google.firebase:firebase-crashlytics:19.3.0] AndroidManifest.xml:18:13-20:85
123                android:name="com.google.firebase.components:com.google.firebase.crashlytics.CrashlyticsRegistrar"
123-->[com.google.firebase:firebase-crashlytics:19.3.0] AndroidManifest.xml:19:17-115
124                android:value="com.google.firebase.components.ComponentRegistrar" />
124-->[com.google.firebase:firebase-crashlytics:19.3.0] AndroidManifest.xml:20:17-82
125            <meta-data
125-->[com.google.firebase:firebase-database:21.0.0] AndroidManifest.xml:29:13-31:85
126                android:name="com.google.firebase.components:com.google.firebase.database.FirebaseDatabaseKtxRegistrar"
126-->[com.google.firebase:firebase-database:21.0.0] AndroidManifest.xml:30:17-120
127                android:value="com.google.firebase.components.ComponentRegistrar" />
127-->[com.google.firebase:firebase-database:21.0.0] AndroidManifest.xml:31:17-82
128            <meta-data
128-->[com.google.firebase:firebase-database:21.0.0] AndroidManifest.xml:32:13-34:85
129                android:name="com.google.firebase.components:com.google.firebase.database.DatabaseRegistrar"
129-->[com.google.firebase:firebase-database:21.0.0] AndroidManifest.xml:33:17-109
130                android:value="com.google.firebase.components.ComponentRegistrar" />
130-->[com.google.firebase:firebase-database:21.0.0] AndroidManifest.xml:34:17-82
131            <meta-data
131-->[com.google.firebase:firebase-sessions:2.0.7] AndroidManifest.xml:29:13-31:85
132                android:name="com.google.firebase.components:com.google.firebase.sessions.FirebaseSessionsRegistrar"
132-->[com.google.firebase:firebase-sessions:2.0.7] AndroidManifest.xml:30:17-117
133                android:value="com.google.firebase.components.ComponentRegistrar" />
133-->[com.google.firebase:firebase-sessions:2.0.7] AndroidManifest.xml:31:17-82
134            <meta-data
134-->[com.google.android.gms:play-services-measurement-api:22.1.2] AndroidManifest.xml:37:13-39:85
135                android:name="com.google.firebase.components:com.google.firebase.analytics.connector.internal.AnalyticsConnectorRegistrar"
135-->[com.google.android.gms:play-services-measurement-api:22.1.2] AndroidManifest.xml:38:17-139
136                android:value="com.google.firebase.components.ComponentRegistrar" />
136-->[com.google.android.gms:play-services-measurement-api:22.1.2] AndroidManifest.xml:39:17-82
137            <meta-data
137-->[com.google.firebase:firebase-installations:18.0.0] AndroidManifest.xml:15:13-17:85
138                android:name="com.google.firebase.components:com.google.firebase.installations.FirebaseInstallationsKtxRegistrar"
138-->[com.google.firebase:firebase-installations:18.0.0] AndroidManifest.xml:16:17-130
139                android:value="com.google.firebase.components.ComponentRegistrar" />
139-->[com.google.firebase:firebase-installations:18.0.0] AndroidManifest.xml:17:17-82
140            <meta-data
140-->[com.google.firebase:firebase-installations:18.0.0] AndroidManifest.xml:18:13-20:85
141                android:name="com.google.firebase.components:com.google.firebase.installations.FirebaseInstallationsRegistrar"
141-->[com.google.firebase:firebase-installations:18.0.0] AndroidManifest.xml:19:17-127
142                android:value="com.google.firebase.components.ComponentRegistrar" />
142-->[com.google.firebase:firebase-installations:18.0.0] AndroidManifest.xml:20:17-82
143            <meta-data
143-->[com.google.firebase:firebase-common-ktx:21.0.0] AndroidManifest.xml:12:13-14:85
144                android:name="com.google.firebase.components:com.google.firebase.ktx.FirebaseCommonLegacyRegistrar"
144-->[com.google.firebase:firebase-common-ktx:21.0.0] AndroidManifest.xml:13:17-116
145                android:value="com.google.firebase.components.ComponentRegistrar" />
145-->[com.google.firebase:firebase-common-ktx:21.0.0] AndroidManifest.xml:14:17-82
146            <meta-data
146-->[com.google.firebase:firebase-common:21.0.0] AndroidManifest.xml:35:13-37:85
147                android:name="com.google.firebase.components:com.google.firebase.FirebaseCommonKtxRegistrar"
147-->[com.google.firebase:firebase-common:21.0.0] AndroidManifest.xml:36:17-109
148                android:value="com.google.firebase.components.ComponentRegistrar" />
148-->[com.google.firebase:firebase-common:21.0.0] AndroidManifest.xml:37:17-82
149            <meta-data
149-->[com.google.firebase:firebase-datatransport:19.0.0] AndroidManifest.xml:25:13-27:85
150                android:name="com.google.firebase.components:com.google.firebase.datatransport.TransportRegistrar"
150-->[com.google.firebase:firebase-datatransport:19.0.0] AndroidManifest.xml:26:17-115
151                android:value="com.google.firebase.components.ComponentRegistrar" />
151-->[com.google.firebase:firebase-datatransport:19.0.0] AndroidManifest.xml:27:17-82
152        </service>
153
154        <activity
154-->[com.google.firebase:firebase-auth:23.1.0] AndroidManifest.xml:29:9-46:20
155            android:name="com.google.firebase.auth.internal.GenericIdpActivity"
155-->[com.google.firebase:firebase-auth:23.1.0] AndroidManifest.xml:30:13-80
156            android:excludeFromRecents="true"
156-->[com.google.firebase:firebase-auth:23.1.0] AndroidManifest.xml:31:13-46
157            android:exported="true"
157-->[com.google.firebase:firebase-auth:23.1.0] AndroidManifest.xml:32:13-36
158            android:launchMode="singleTask"
158-->[com.google.firebase:firebase-auth:23.1.0] AndroidManifest.xml:33:13-44
159            android:theme="@android:style/Theme.Translucent.NoTitleBar" >
159-->[com.google.firebase:firebase-auth:23.1.0] AndroidManifest.xml:34:13-72
160            <intent-filter>
160-->[com.google.firebase:firebase-auth:23.1.0] AndroidManifest.xml:35:13-45:29
161                <action android:name="android.intent.action.VIEW" />
161-->[com.google.firebase:firebase-auth:23.1.0] AndroidManifest.xml:36:17-69
161-->[com.google.firebase:firebase-auth:23.1.0] AndroidManifest.xml:36:25-66
162
163                <category android:name="android.intent.category.DEFAULT" />
163-->[com.google.firebase:firebase-auth:23.1.0] AndroidManifest.xml:38:17-76
163-->[com.google.firebase:firebase-auth:23.1.0] AndroidManifest.xml:38:27-73
164                <category android:name="android.intent.category.BROWSABLE" />
164-->[com.google.firebase:firebase-auth:23.1.0] AndroidManifest.xml:39:17-78
164-->[com.google.firebase:firebase-auth:23.1.0] AndroidManifest.xml:39:27-75
165
166                <data
166-->[com.google.firebase:firebase-auth:23.1.0] AndroidManifest.xml:41:17-44:51
167                    android:host="firebase.auth"
167-->[com.google.firebase:firebase-auth:23.1.0] AndroidManifest.xml:42:21-49
168                    android:path="/"
168-->[com.google.firebase:firebase-auth:23.1.0] AndroidManifest.xml:43:21-37
169                    android:scheme="genericidp" />
169-->[com.google.firebase:firebase-auth:23.1.0] AndroidManifest.xml:44:21-48
170            </intent-filter>
171        </activity>
172        <activity
172-->[com.google.firebase:firebase-auth:23.1.0] AndroidManifest.xml:47:9-64:20
173            android:name="com.google.firebase.auth.internal.RecaptchaActivity"
173-->[com.google.firebase:firebase-auth:23.1.0] AndroidManifest.xml:48:13-79
174            android:excludeFromRecents="true"
174-->[com.google.firebase:firebase-auth:23.1.0] AndroidManifest.xml:49:13-46
175            android:exported="true"
175-->[com.google.firebase:firebase-auth:23.1.0] AndroidManifest.xml:50:13-36
176            android:launchMode="singleTask"
176-->[com.google.firebase:firebase-auth:23.1.0] AndroidManifest.xml:51:13-44
177            android:theme="@android:style/Theme.Translucent.NoTitleBar" >
177-->[com.google.firebase:firebase-auth:23.1.0] AndroidManifest.xml:52:13-72
178            <intent-filter>
178-->[com.google.firebase:firebase-auth:23.1.0] AndroidManifest.xml:53:13-63:29
179                <action android:name="android.intent.action.VIEW" />
179-->[com.google.firebase:firebase-auth:23.1.0] AndroidManifest.xml:36:17-69
179-->[com.google.firebase:firebase-auth:23.1.0] AndroidManifest.xml:36:25-66
180
181                <category android:name="android.intent.category.DEFAULT" />
181-->[com.google.firebase:firebase-auth:23.1.0] AndroidManifest.xml:38:17-76
181-->[com.google.firebase:firebase-auth:23.1.0] AndroidManifest.xml:38:27-73
182                <category android:name="android.intent.category.BROWSABLE" />
182-->[com.google.firebase:firebase-auth:23.1.0] AndroidManifest.xml:39:17-78
182-->[com.google.firebase:firebase-auth:23.1.0] AndroidManifest.xml:39:27-75
183
184                <data
184-->[com.google.firebase:firebase-auth:23.1.0] AndroidManifest.xml:41:17-44:51
185                    android:host="firebase.auth"
185-->[com.google.firebase:firebase-auth:23.1.0] AndroidManifest.xml:42:21-49
186                    android:path="/"
186-->[com.google.firebase:firebase-auth:23.1.0] AndroidManifest.xml:43:21-37
187                    android:scheme="recaptcha" />
187-->[com.google.firebase:firebase-auth:23.1.0] AndroidManifest.xml:44:21-48
188            </intent-filter>
189        </activity>
190
191        <service
191-->[androidx.credentials:credentials-play-services-auth:1.2.0-rc01] AndroidManifest.xml:24:9-32:19
192            android:name="androidx.credentials.playservices.CredentialProviderMetadataHolder"
192-->[androidx.credentials:credentials-play-services-auth:1.2.0-rc01] AndroidManifest.xml:25:13-94
193            android:enabled="true"
193-->[androidx.credentials:credentials-play-services-auth:1.2.0-rc01] AndroidManifest.xml:26:13-35
194            android:exported="false" >
194-->[androidx.credentials:credentials-play-services-auth:1.2.0-rc01] AndroidManifest.xml:27:13-37
195            <meta-data
195-->[androidx.credentials:credentials-play-services-auth:1.2.0-rc01] AndroidManifest.xml:29:13-31:104
196                android:name="androidx.credentials.CREDENTIAL_PROVIDER_KEY"
196-->[androidx.credentials:credentials-play-services-auth:1.2.0-rc01] AndroidManifest.xml:30:17-76
197                android:value="androidx.credentials.playservices.CredentialProviderPlayServicesImpl" />
197-->[androidx.credentials:credentials-play-services-auth:1.2.0-rc01] AndroidManifest.xml:31:17-101
198        </service>
199
200        <activity
200-->[androidx.credentials:credentials-play-services-auth:1.2.0-rc01] AndroidManifest.xml:34:9-41:20
201            android:name="androidx.credentials.playservices.HiddenActivity"
201-->[androidx.credentials:credentials-play-services-auth:1.2.0-rc01] AndroidManifest.xml:35:13-76
202            android:configChanges="orientation|screenSize|screenLayout|keyboardHidden"
202-->[androidx.credentials:credentials-play-services-auth:1.2.0-rc01] AndroidManifest.xml:36:13-87
203            android:enabled="true"
203-->[androidx.credentials:credentials-play-services-auth:1.2.0-rc01] AndroidManifest.xml:37:13-35
204            android:exported="false"
204-->[androidx.credentials:credentials-play-services-auth:1.2.0-rc01] AndroidManifest.xml:38:13-37
205            android:fitsSystemWindows="true"
205-->[androidx.credentials:credentials-play-services-auth:1.2.0-rc01] AndroidManifest.xml:39:13-45
206            android:theme="@style/Theme.Hidden" >
206-->[androidx.credentials:credentials-play-services-auth:1.2.0-rc01] AndroidManifest.xml:40:13-48
207        </activity>
208        <activity
208-->[com.google.android.gms:play-services-auth:20.7.0] AndroidManifest.xml:23:9-27:75
209            android:name="com.google.android.gms.auth.api.signin.internal.SignInHubActivity"
209-->[com.google.android.gms:play-services-auth:20.7.0] AndroidManifest.xml:24:13-93
210            android:excludeFromRecents="true"
210-->[com.google.android.gms:play-services-auth:20.7.0] AndroidManifest.xml:25:13-46
211            android:exported="false"
211-->[com.google.android.gms:play-services-auth:20.7.0] AndroidManifest.xml:26:13-37
212            android:theme="@android:style/Theme.Translucent.NoTitleBar" />
212-->[com.google.android.gms:play-services-auth:20.7.0] AndroidManifest.xml:27:13-72
213        <!--
214            Service handling Google Sign-In user revocation. For apps that do not integrate with
215            Google Sign-In, this service will never be started.
216        -->
217        <service
217-->[com.google.android.gms:play-services-auth:20.7.0] AndroidManifest.xml:33:9-37:51
218            android:name="com.google.android.gms.auth.api.signin.RevocationBoundService"
218-->[com.google.android.gms:play-services-auth:20.7.0] AndroidManifest.xml:34:13-89
219            android:exported="true"
219-->[com.google.android.gms:play-services-auth:20.7.0] AndroidManifest.xml:35:13-36
220            android:permission="com.google.android.gms.auth.api.signin.permission.REVOCATION_NOTIFICATION"
220-->[com.google.android.gms:play-services-auth:20.7.0] AndroidManifest.xml:36:13-107
221            android:visibleToInstantApps="true" />
221-->[com.google.android.gms:play-services-auth:20.7.0] AndroidManifest.xml:37:13-48
222
223        <receiver
223-->[com.google.firebase:firebase-messaging:24.1.0] AndroidManifest.xml:29:9-40:20
224            android:name="com.google.firebase.iid.FirebaseInstanceIdReceiver"
224-->[com.google.firebase:firebase-messaging:24.1.0] AndroidManifest.xml:30:13-78
225            android:exported="true"
225-->[com.google.firebase:firebase-messaging:24.1.0] AndroidManifest.xml:31:13-36
226            android:permission="com.google.android.c2dm.permission.SEND" >
226-->[com.google.firebase:firebase-messaging:24.1.0] AndroidManifest.xml:32:13-73
227            <intent-filter>
227-->[com.google.firebase:firebase-messaging:24.1.0] AndroidManifest.xml:33:13-35:29
228                <action android:name="com.google.android.c2dm.intent.RECEIVE" />
228-->[com.google.firebase:firebase-messaging:24.1.0] AndroidManifest.xml:34:17-81
228-->[com.google.firebase:firebase-messaging:24.1.0] AndroidManifest.xml:34:25-78
229            </intent-filter>
230
231            <meta-data
231-->[com.google.firebase:firebase-messaging:24.1.0] AndroidManifest.xml:37:13-39:40
232                android:name="com.google.android.gms.cloudmessaging.FINISHED_AFTER_HANDLED"
232-->[com.google.firebase:firebase-messaging:24.1.0] AndroidManifest.xml:38:17-92
233                android:value="true" />
233-->[com.google.firebase:firebase-messaging:24.1.0] AndroidManifest.xml:39:17-37
234        </receiver>
235        <!--
236             FirebaseMessagingService performs security checks at runtime,
237             but set to not exported to explicitly avoid allowing another app to call it.
238        -->
239        <service
239-->[com.google.firebase:firebase-messaging:24.1.0] AndroidManifest.xml:46:9-53:19
240            android:name="com.google.firebase.messaging.FirebaseMessagingService"
240-->[com.google.firebase:firebase-messaging:24.1.0] AndroidManifest.xml:47:13-82
241            android:directBootAware="true"
241-->[com.google.firebase:firebase-messaging:24.1.0] AndroidManifest.xml:48:13-43
242            android:exported="false" >
242-->[com.google.firebase:firebase-messaging:24.1.0] AndroidManifest.xml:49:13-37
243            <intent-filter android:priority="-500" >
243-->[com.google.firebase:firebase-messaging:24.1.0] AndroidManifest.xml:50:13-52:29
243-->[com.google.firebase:firebase-messaging:24.1.0] AndroidManifest.xml:50:28-51
244                <action android:name="com.google.firebase.MESSAGING_EVENT" />
244-->[com.google.firebase:firebase-messaging:24.1.0] AndroidManifest.xml:51:17-78